# JRE version: OpenJDK Runtime Environment (8.0_152-b02) (build 1.8.0_152-release-1024-b02)
# Java VM: OpenJDK 64-Bit Server VM (25.152-b02 mixed mode windows-amd64 compressed oops)
Heap:
 PSYoungGen      total 472064K, used 214489K [0x00000000e0000000, 0x0000000100000000, 0x0000000100000000)
  eden space 419840K, 44% used [0x00000000e0000000,0x00000000eb82bd08,0x00000000f9a00000)
  from space 52224K, 49% used [0x00000000f9a00000,0x00000000fb34aa18,0x00000000fcd00000)
  to   space 50176K, 0% used [0x00000000fcf00000,0x00000000fcf00000,0x0000000100000000)
 ParOldGen       total 303104K, used 83709K [0x00000000a0000000, 0x00000000b2800000, 0x00000000e0000000)
  object space 303104K, 27% used [0x00000000a0000000,0x00000000a51bf668,0x00000000b2800000)
 Metaspace       used 81840K, capacity 85322K, committed 85592K, reserved 1124352K
  class space    used 10512K, capacity 11328K, committed 11392K, reserved 1048576K
GC Heap History (10 events):
Event: 26.718 GC heap before
{Heap before GC invocations=14 (full 3):
 PSYoungGen      total 488960K, used 488944K [0x00000000e0000000, 0x0000000100000000, 0x0000000100000000)
  eden space 462848K, 100% used [0x00000000e0000000,0x00000000fc400000,0x00000000fc400000)
  from space 26112K, 99% used [0x00000000fe680000,0x00000000ffffc2e8,0x0000000100000000)
  to   space 30720K, 0% used [0x00000000fc400000,0x00000000fc400000,0x00000000fe200000)
 ParOldGen       total 303104K, used 44320K [0x00000000a0000000, 0x00000000b2800000, 0x00000000e0000000)
  object space 303104K, 14% used [0x00000000a0000000,0x00000000a2b48020,0x00000000b2800000)
 Metaspace       used 74782K, capacity 77450K, committed 77784K, reserved 1116160K
  class space    used 9700K, capacity 10370K, committed 10496K, reserved 1048576K
Event: 26.742 GC heap after
Heap after GC invocations=14 (full 3):
 PSYoungGen      total 493056K, used 30124K [0x00000000e0000000, 0x0000000100000000, 0x0000000100000000)
  eden space 462848K, 0% used [0x00000000e0000000,0x00000000e0000000,0x00000000fc400000)
  from space 30208K, 99% used [0x00000000fc400000,0x00000000fe16b2a8,0x00000000fe180000)
  to   space 31232K, 0% used [0x00000000fe180000,0x00000000fe180000,0x0000000100000000)
 ParOldGen       total 303104K, used 44328K [0x00000000a0000000, 0x00000000b2800000, 0x00000000e0000000)
  object space 303104K, 14% used [0x00000000a0000000,0x00000000a2b4a020,0x00000000b2800000)
 Metaspace       used 74782K, capacity 77450K, committed 77784K, reserved 1116160K
  class space    used 9700K, capacity 10370K, committed 10496K, reserved 1048576K
}
Event: 27.493 GC heap before
{Heap before GC invocations=15 (full 3):
 PSYoungGen      total 493056K, used 492972K [0x00000000e0000000, 0x0000000100000000, 0x0000000100000000)
  eden space 462848K, 100% used [0x00000000e0000000,0x00000000fc400000,0x00000000fc400000)
  from space 30208K, 99% used [0x00000000fc400000,0x00000000fe16b2a8,0x00000000fe180000)
  to   space 31232K, 0% used [0x00000000fe180000,0x00000000fe180000,0x0000000100000000)
 ParOldGen       total 303104K, used 44479K [0x00000000a0000000, 0x00000000b2800000, 0x00000000e0000000)
  object space 303104K, 14% used [0x00000000a0000000,0x00000000a2b6ff48,0x00000000b2800000)
 Metaspace       used 74803K, capacity 77450K, committed 77784K, reserved 1116160K
  class space    used 9700K, capacity 10370K, committed 10496K, reserved 1048576K
Event: 27.524 GC heap after
Heap after GC invocations=15 (full 3):
 PSYoungGen      total 475648K, used 31200K [0x00000000e0000000, 0x0000000100000000, 0x0000000100000000)
  eden space 444416K, 0% used [0x00000000e0000000,0x00000000e0000000,0x00000000fb200000)
  from space 31232K, 99% used [0x00000000fe180000,0x00000000ffff82c8,0x0000000100000000)
  to   space 39936K, 0% used [0x00000000fb200000,0x00000000fb200000,0x00000000fd900000)
 ParOldGen       total 303104K, used 51483K [0x00000000a0000000, 0x00000000b2800000, 0x00000000e0000000)
  object space 303104K, 16% used [0x00000000a0000000,0x00000000a3246cb0,0x00000000b2800000)
 Metaspace       used 74803K, capacity 77450K, committed 77784K, reserved 1116160K
  class space    used 9700K, capacity 10370K, committed 10496K, reserved 1048576K
}
Event: 29.846 GC heap before
{Heap before GC invocations=16 (full 3):
 PSYoungGen      total 475648K, used 475616K [0x00000000e0000000, 0x0000000100000000, 0x0000000100000000)
  eden space 444416K, 100% used [0x00000000e0000000,0x00000000fb200000,0x00000000fb200000)
  from space 31232K, 99% used [0x00000000fe180000,0x00000000ffff82c8,0x0000000100000000)
  to   space 39936K, 0% used [0x00000000fb200000,0x00000000fb200000,0x00000000fd900000)
 ParOldGen       total 303104K, used 51484K [0x00000000a0000000, 0x00000000b2800000, 0x00000000e0000000)
  object space 303104K, 16% used [0x00000000a0000000,0x00000000a32473b0,0x00000000b2800000)
 Metaspace       used 75289K, capacity 78024K, committed 78296K, reserved 1118208K
  class space    used 9758K, capacity 10449K, committed 10496K, reserved 1048576K
Event: 29.879 GC heap after
Heap after GC invocations=16 (full 3):
 PSYoungGen      total 484352K, used 39930K [0x00000000e0000000, 0x0000000100000000, 0x0000000100000000)
  eden space 444416K, 0% used [0x00000000e0000000,0x00000000e0000000,0x00000000fb200000)
  from space 39936K, 99% used [0x00000000fb200000,0x00000000fd8fe928,0x00000000fd900000)
  to   space 39936K, 0% used [0x00000000fd900000,0x00000000fd900000,0x0000000100000000)
 ParOldGen       total 303104K, used 75465K [0x00000000a0000000, 0x00000000b2800000, 0x00000000e0000000)
  object space 303104K, 24% used [0x00000000a0000000,0x00000000a49b2628,0x00000000b2800000)
 Metaspace       used 75289K, capacity 78024K, committed 78296K, reserved 1118208K
  class space    used 9758K, capacity 10449K, committed 10496K, reserved 1048576K
}
Event: 31.498 GC heap before
{Heap before GC invocations=17 (full 3):
 PSYoungGen      total 484352K, used 484346K [0x00000000e0000000, 0x0000000100000000, 0x0000000100000000)
  eden space 444416K, 100% used [0x00000000e0000000,0x00000000fb200000,0x00000000fb200000)
  from space 39936K, 99% used [0x00000000fb200000,0x00000000fd8fe928,0x00000000fd900000)
  to   space 39936K, 0% used [0x00000000fd900000,0x00000000fd900000,0x0000000100000000)
 ParOldGen       total 303104K, used 75465K [0x00000000a0000000, 0x00000000b2800000, 0x00000000e0000000)
  object space 303104K, 24% used [0x00000000a0000000,0x00000000a49b2628,0x00000000b2800000)
 Metaspace       used 76114K, capacity 78988K, committed 79192K, reserved 1118208K
  class space    used 9844K, capacity 10543K, committed 10624K, reserved 1048576K
Event: 31.513 GC heap after
Heap after GC invocations=17 (full 3):
 PSYoungGen      total 459776K, used 18574K [0x00000000e0000000, 0x0000000100000000, 0x0000000100000000)
  eden space 419840K, 0% used [0x00000000e0000000,0x00000000e0000000,0x00000000f9a00000)
  from space 39936K, 46% used [0x00000000fd900000,0x00000000feb23ba8,0x0000000100000000)
  to   space 52224K, 0% used [0x00000000f9a00000,0x00000000f9a00000,0x00000000fcd00000)
 ParOldGen       total 303104K, used 83701K [0x00000000a0000000, 0x00000000b2800000, 0x00000000e0000000)
  object space 303104K, 27% used [0x00000000a0000000,0x00000000a51bd668,0x00000000b2800000)
 Metaspace       used 76114K, capacity 78988K, committed 79192K, reserved 1118208K
  class space    used 9844K, capacity 10543K, committed 10624K, reserved 1048576K
}
Event: 33.841 GC heap before
{Heap before GC invocations=18 (full 3):
 PSYoungGen      total 459776K, used 438248K [0x00000000e0000000, 0x0000000100000000, 0x0000000100000000)
  eden space 419840K, 99% used [0x00000000e0000000,0x00000000f99d6598,0x00000000f9a00000)
  from space 39936K, 46% used [0x00000000fd900000,0x00000000feb23ba8,0x0000000100000000)
  to   space 52224K, 0% used [0x00000000f9a00000,0x00000000f9a00000,0x00000000fcd00000)
 ParOldGen       total 303104K, used 83701K [0x00000000a0000000, 0x00000000b2800000, 0x00000000e0000000)
  object space 303104K, 27% used [0x00000000a0000000,0x00000000a51bd668,0x00000000b2800000)
 Metaspace       used 77217K, capacity 80310K, committed 80472K, reserved 1118208K
  class space    used 10019K, capacity 10762K, committed 10880K, reserved 1048576K
Event: 33.848 GC heap after
Heap after GC invocations=18 (full 3):
 PSYoungGen      total 472064K, used 25898K [0x00000000e0000000, 0x0000000100000000, 0x0000000100000000)
  eden space 419840K, 0% used [0x00000000e0000000,0x00000000e0000000,0x00000000f9a00000)
  from space 52224K, 49% used [0x00000000f9a00000,0x00000000fb34aa18,0x00000000fcd00000)
  to   space 50176K, 0% used [0x00000000fcf00000,0x00000000fcf00000,0x0000000100000000)
 ParOldGen       total 303104K, used 83709K [0x00000000a0000000, 0x00000000b2800000, 0x00000000e0000000)
  object space 303104K, 27% used [0x00000000a0000000,0x00000000a51bf668,0x00000000b2800000)
 Metaspace       used 77217K, capacity 80310K, committed 80472K, reserved 1118208K
  class space    used 10019K, capacity 10762K, committed 10880K, reserved 1048576K
}

