# JRE version: OpenJDK Runtime Environment (8.0_152-b02) (build 1.8.0_152-release-1024-b02)
# Java VM: OpenJDK 64-Bit Server VM (25.152-b02 mixed mode windows-amd64 compressed oops)
Heap:
 PSYoungGen      total 462848K, used 202276K [0x00000000e0000000, 0x00000000ffc80000, 0x0000000100000000)
  eden space 411136K, 49% used [0x00000000e0000000,0x00000000ec5893e0,0x00000000f9180000)
  from space 51712K, 0% used [0x00000000fca00000,0x00000000fca00000,0x00000000ffc80000)
  to   space 54784K, 0% used [0x00000000f9180000,0x00000000f9180000,0x00000000fc700000)
 ParOldGen       total 412160K, used 21485K [0x00000000a0000000, 0x00000000b9280000, 0x00000000e0000000)
  object space 412160K, 5% used [0x00000000a0000000,0x00000000a14fb738,0x00000000b9280000)
 Metaspace       used 57853K, capacity 59334K, committed 59544K, reserved 1101824K
  class space    used 6971K, capacity 7381K, committed 7576K, reserved 1048576K
GC Heap History (10 events):
Event: 5.157 GC heap before
{Heap before GC invocations=12 (full 3):
 PSYoungGen      total 266240K, used 231429K [0x00000000e0000000, 0x00000000f3e80000, 0x0000000100000000)
  eden space 204288K, 100% used [0x00000000e0000000,0x00000000ec780000,0x00000000ec780000)
  from space 61952K, 43% used [0x00000000f0200000,0x00000000f1c815e0,0x00000000f3e80000)
  to   space 59904K, 0% used [0x00000000ec780000,0x00000000ec780000,0x00000000f0200000)
 ParOldGen       total 337408K, used 148000K [0x00000000a0000000, 0x00000000b4980000, 0x00000000e0000000)
  object space 337408K, 43% used [0x00000000a0000000,0x00000000a9088078,0x00000000b4980000)
 Metaspace       used 52246K, capacity 53246K, committed 53504K, reserved 1095680K
  class space    used 6578K, capacity 6839K, committed 6912K, reserved 1048576K
Event: 5.176 GC heap after
Heap after GC invocations=12 (full 3):
 PSYoungGen      total 264192K, used 12386K [0x00000000e0000000, 0x00000000fe080000, 0x0000000100000000)
  eden space 204288K, 0% used [0x00000000e0000000,0x00000000e0000000,0x00000000ec780000)
  from space 59904K, 20% used [0x00000000ec780000,0x00000000ed3989e0,0x00000000f0200000)
  to   space 58880K, 0% used [0x00000000fa700000,0x00000000fa700000,0x00000000fe080000)
 ParOldGen       total 337408K, used 164355K [0x00000000a0000000, 0x00000000b4980000, 0x00000000e0000000)
  object space 337408K, 48% used [0x00000000a0000000,0x00000000aa080e08,0x00000000b4980000)
 Metaspace       used 52246K, capacity 53246K, committed 53504K, reserved 1095680K
  class space    used 6578K, capacity 6839K, committed 6912K, reserved 1048576K
}
Event: 1906.436 GC heap before
{Heap before GC invocations=13 (full 3):
 PSYoungGen      total 264192K, used 216674K [0x00000000e0000000, 0x00000000fe080000, 0x0000000100000000)
  eden space 204288K, 100% used [0x00000000e0000000,0x00000000ec780000,0x00000000ec780000)
  from space 59904K, 20% used [0x00000000ec780000,0x00000000ed3989e0,0x00000000f0200000)
  to   space 58880K, 0% used [0x00000000fa700000,0x00000000fa700000,0x00000000fe080000)
 ParOldGen       total 337408K, used 164355K [0x00000000a0000000, 0x00000000b4980000, 0x00000000e0000000)
  object space 337408K, 48% used [0x00000000a0000000,0x00000000aa080e08,0x00000000b4980000)
 Metaspace       used 54610K, capacity 55770K, committed 56064K, reserved 1097728K
  class space    used 6766K, capacity 7071K, committed 7168K, reserved 1048576K
Event: 1906.445 GC heap after
Heap after GC invocations=13 (full 3):
 PSYoungGen      total 312832K, used 11631K [0x00000000e0000000, 0x00000000fb280000, 0x0000000100000000)
  eden space 301056K, 0% used [0x00000000e0000000,0x00000000e0000000,0x00000000f2600000)
  from space 11776K, 98% used [0x00000000fa700000,0x00000000fb25bee8,0x00000000fb280000)
  to   space 57856K, 0% used [0x00000000f4180000,0x00000000f4180000,0x00000000f7a00000)
 ParOldGen       total 337408K, used 164511K [0x00000000a0000000, 0x00000000b4980000, 0x00000000e0000000)
  object space 337408K, 48% used [0x00000000a0000000,0x00000000aa0a7e18,0x00000000b4980000)
 Metaspace       used 54610K, capacity 55770K, committed 56064K, reserved 1097728K
  class space    used 6766K, capacity 7071K, committed 7168K, reserved 1048576K
}
Event: 2447.844 GC heap before
{Heap before GC invocations=14 (full 3):
 PSYoungGen      total 312832K, used 312687K [0x00000000e0000000, 0x00000000fb280000, 0x0000000100000000)
  eden space 301056K, 100% used [0x00000000e0000000,0x00000000f2600000,0x00000000f2600000)
  from space 11776K, 98% used [0x00000000fa700000,0x00000000fb25bee8,0x00000000fb280000)
  to   space 57856K, 0% used [0x00000000f4180000,0x00000000f4180000,0x00000000f7a00000)
 ParOldGen       total 337408K, used 164511K [0x00000000a0000000, 0x00000000b4980000, 0x00000000e0000000)
  object space 337408K, 48% used [0x00000000a0000000,0x00000000aa0a7e18,0x00000000b4980000)
 Metaspace       used 56738K, capacity 57982K, committed 58112K, reserved 1099776K
  class space    used 6930K, capacity 7329K, committed 7424K, reserved 1048576K
Event: 2447.857 GC heap after
Heap after GC invocations=14 (full 3):
 PSYoungGen      total 387072K, used 19956K [0x00000000e0000000, 0x0000000100000000, 0x0000000100000000)
  eden space 329216K, 0% used [0x00000000e0000000,0x00000000e0000000,0x00000000f4180000)
  from space 57856K, 34% used [0x00000000f4180000,0x00000000f54fd268,0x00000000f7a00000)
  to   space 55296K, 0% used [0x00000000fca00000,0x00000000fca00000,0x0000000100000000)
 ParOldGen       total 337408K, used 168778K [0x00000000a0000000, 0x00000000b4980000, 0x00000000e0000000)
  object space 337408K, 50% used [0x00000000a0000000,0x00000000aa4d2978,0x00000000b4980000)
 Metaspace       used 56738K, capacity 57982K, committed 58112K, reserved 1099776K
  class space    used 6930K, capacity 7329K, committed 7424K, reserved 1048576K
}
Event: 2494.632 GC heap before
{Heap before GC invocations=15 (full 3):
 PSYoungGen      total 387072K, used 187452K [0x00000000e0000000, 0x0000000100000000, 0x0000000100000000)
  eden space 329216K, 50% used [0x00000000e0000000,0x00000000ea391e20,0x00000000f4180000)
  from space 57856K, 34% used [0x00000000f4180000,0x00000000f54fd268,0x00000000f7a00000)
  to   space 55296K, 0% used [0x00000000fca00000,0x00000000fca00000,0x0000000100000000)
 ParOldGen       total 337408K, used 168778K [0x00000000a0000000, 0x00000000b4980000, 0x00000000e0000000)
  object space 337408K, 50% used [0x00000000a0000000,0x00000000aa4d2978,0x00000000b4980000)
 Metaspace       used 57647K, capacity 59158K, committed 59160K, reserved 1101824K
  class space    used 6999K, capacity 7447K, committed 7448K, reserved 1048576K
Event: 2494.638 GC heap after
Heap after GC invocations=15 (full 3):
 PSYoungGen      total 462848K, used 6900K [0x00000000e0000000, 0x00000000ffc80000, 0x0000000100000000)
  eden space 411136K, 0% used [0x00000000e0000000,0x00000000e0000000,0x00000000f9180000)
  from space 51712K, 13% used [0x00000000fca00000,0x00000000fd0bd0d8,0x00000000ffc80000)
  to   space 54784K, 0% used [0x00000000f9180000,0x00000000f9180000,0x00000000fc700000)
 ParOldGen       total 337408K, used 172109K [0x00000000a0000000, 0x00000000b4980000, 0x00000000e0000000)
  object space 337408K, 51% used [0x00000000a0000000,0x00000000aa813510,0x00000000b4980000)
 Metaspace       used 57647K, capacity 59158K, committed 59160K, reserved 1101824K
  class space    used 6999K, capacity 7447K, committed 7448K, reserved 1048576K
}
Event: 2494.638 GC heap before
{Heap before GC invocations=16 (full 4):
 PSYoungGen      total 462848K, used 6900K [0x00000000e0000000, 0x00000000ffc80000, 0x0000000100000000)
  eden space 411136K, 0% used [0x00000000e0000000,0x00000000e0000000,0x00000000f9180000)
  from space 51712K, 13% used [0x00000000fca00000,0x00000000fd0bd0d8,0x00000000ffc80000)
  to   space 54784K, 0% used [0x00000000f9180000,0x00000000f9180000,0x00000000fc700000)
 ParOldGen       total 337408K, used 172109K [0x00000000a0000000, 0x00000000b4980000, 0x00000000e0000000)
  object space 337408K, 51% used [0x00000000a0000000,0x00000000aa813510,0x00000000b4980000)
 Metaspace       used 57647K, capacity 59158K, committed 59160K, reserved 1101824K
  class space    used 6999K, capacity 7447K, committed 7448K, reserved 1048576K
Event: 2494.737 GC heap after
Heap after GC invocations=16 (full 4):
 PSYoungGen      total 462848K, used 0K [0x00000000e0000000, 0x00000000ffc80000, 0x0000000100000000)
  eden space 411136K, 0% used [0x00000000e0000000,0x00000000e0000000,0x00000000f9180000)
  from space 51712K, 0% used [0x00000000fca00000,0x00000000fca00000,0x00000000ffc80000)
  to   space 54784K, 0% used [0x00000000f9180000,0x00000000f9180000,0x00000000fc700000)
 ParOldGen       total 412160K, used 21485K [0x00000000a0000000, 0x00000000b9280000, 0x00000000e0000000)
  object space 412160K, 5% used [0x00000000a0000000,0x00000000a14fb738,0x00000000b9280000)
 Metaspace       used 57027K, capacity 58412K, committed 59160K, reserved 1101824K
  class space    used 6909K, capacity 7288K, committed 7448K, reserved 1048576K
}

